<?xml version="1.0" encoding="UTF-8"?>
<coverage generated="1551006829701" clover="3.2.0">
  <project timestamp="1551006829701" name="All files">
    <metrics statements="14" coveredstatements="11" conditionals="0" coveredconditionals="0" methods="8" coveredmethods="6" elements="22" coveredelements="17" complexity="0" loc="14" ncloc="14" packages="2" files="4" classes="4"/>
    <package name="CreateIdea">
      <metrics statements="9" coveredstatements="8" conditionals="0" coveredconditionals="0" methods="6" coveredmethods="5"/>
      <file name="CreateIdea.component.js" path="/Users/Gurrehmat_Oberoi/react-native-first-app/IdeaShare/src/components/CreateIdea/CreateIdea.component.js">
        <metrics statements="8" coveredstatements="7" conditionals="0" coveredconditionals="0" methods="6" coveredmethods="5"/>
        <line num="21" count="2" type="stmt"/>
        <line num="23" count="2" type="stmt"/>
        <line num="25" count="2" type="stmt"/>
        <line num="28" count="1" type="stmt"/>
        <line num="33" count="1" type="stmt"/>
        <line num="37" count="12" type="stmt"/>
        <line num="38" count="12" type="stmt"/>
        <line num="39" count="0" type="stmt"/>
      </file>
      <file name="CreateIdea.component.style.js" path="/Users/Gurrehmat_Oberoi/react-native-first-app/IdeaShare/src/components/CreateIdea/CreateIdea.component.style.js">
        <metrics statements="1" coveredstatements="1" conditionals="0" coveredconditionals="0" methods="0" coveredmethods="0"/>
        <line num="3" count="1" type="stmt"/>
      </file>
    </package>
    <package name="Home">
      <metrics statements="5" coveredstatements="3" conditionals="0" coveredconditionals="0" methods="2" coveredmethods="1"/>
      <file name="Home.component.js" path="/Users/Gurrehmat_Oberoi/react-native-first-app/IdeaShare/src/components/Home/Home.component.js">
        <metrics statements="4" coveredstatements="2" conditionals="0" coveredconditionals="0" methods="2" coveredmethods="1"/>
        <line num="10" count="0" type="stmt"/>
        <line num="11" count="0" type="stmt"/>
        <line num="15" count="1" type="stmt"/>
        <line num="37" count="1" type="stmt"/>
      </file>
      <file name="Home.component.style.js" path="/Users/Gurrehmat_Oberoi/react-native-first-app/IdeaShare/src/components/Home/Home.component.style.js">
        <metrics statements="1" coveredstatements="1" conditionals="0" coveredconditionals="0" methods="0" coveredmethods="0"/>
        <line num="3" count="1" type="stmt"/>
      </file>
    </package>
  </project>
</coverage>
