{"/Users/Gurrehmat_Oberoi/react-native-first-app/IdeaShare/src/components/CreateIdea/CreateIdea.component.js": {"path":"/Users/Gurrehmat_Oberoi/react-native-first-app/IdeaShare/src/components/CreateIdea/CreateIdea.component.js","statementMap":{"0":{"start":{"line":21,"column":31},"end":{"line":21,"column":55}},"1":{"start":{"line":23,"column":33},"end":{"line":23,"column":58}},"2":{"start":{"line":25,"column":35},"end":{"line":25,"column":61}},"3":{"start":{"line":28,"column":4},"end":{"line":32,"column":7}},"4":{"start":{"line":33,"column":4},"end":{"line":33,"column":43}},"5":{"start":{"line":37,"column":39},"end":{"line":37,"column":49}},"6":{"start":{"line":38,"column":4},"end":{"line":53,"column":6}},"7":{"start":{"line":39,"column":47},"end":{"line":39,"column":65}}},"fnMap":{"0":{"name":"(anonymous_0)","decl":{"start":{"line":21,"column":22},"end":{"line":21,"column":23}},"loc":{"start":{"line":21,"column":31},"end":{"line":21,"column":55}},"line":21},"1":{"name":"(anonymous_1)","decl":{"start":{"line":23,"column":23},"end":{"line":23,"column":24}},"loc":{"start":{"line":23,"column":33},"end":{"line":23,"column":58}},"line":23},"2":{"name":"(anonymous_2)","decl":{"start":{"line":25,"column":24},"end":{"line":25,"column":25}},"loc":{"start":{"line":25,"column":35},"end":{"line":25,"column":61}},"line":25},"3":{"name":"(anonymous_3)","decl":{"start":{"line":27,"column":22},"end":{"line":27,"column":23}},"loc":{"start":{"line":27,"column":28},"end":{"line":34,"column":3}},"line":27},"4":{"name":"(anonymous_4)","decl":{"start":{"line":36,"column":2},"end":{"line":36,"column":3}},"loc":{"start":{"line":36,"column":11},"end":{"line":54,"column":3}},"line":36},"5":{"name":"(anonymous_5)","decl":{"start":{"line":39,"column":41},"end":{"line":39,"column":42}},"loc":{"start":{"line":39,"column":47},"end":{"line":39,"column":65}},"line":39}},"branchMap":{},"s":{"0":2,"1":2,"2":2,"3":1,"4":1,"5":12,"6":12,"7":0},"f":{"0":2,"1":2,"2":2,"3":1,"4":12,"5":0},"b":{},"_coverageSchema":"43e27e138ebf9cfc5966b082cf9a028302ed4184","hash":"7f44c4a075c3db591b72c12a82ff737939d2916a"}
,"/Users/Gurrehmat_Oberoi/react-native-first-app/IdeaShare/src/components/CreateIdea/CreateIdea.component.style.js": {"path":"/Users/Gurrehmat_Oberoi/react-native-first-app/IdeaShare/src/components/CreateIdea/CreateIdea.component.style.js","statementMap":{"0":{"start":{"line":3,"column":15},"end":{"line":32,"column":2}}},"fnMap":{},"branchMap":{},"s":{"0":1},"f":{},"b":{},"_coverageSchema":"43e27e138ebf9cfc5966b082cf9a028302ed4184","hash":"e0120b3f19257df6e6d004f9c20a0f71e158d900"}
,"/Users/Gurrehmat_Oberoi/react-native-first-app/IdeaShare/src/components/Home/Home.component.js": {"path":"/Users/Gurrehmat_Oberoi/react-native-first-app/IdeaShare/src/components/Home/Home.component.js","statementMap":{"0":{"start":{"line":10,"column":27},"end":{"line":10,"column":37}},"1":{"start":{"line":11,"column":4},"end":{"line":11,"column":38}},"2":{"start":{"line":15,"column":4},"end":{"line":33,"column":6}},"3":{"start":{"line":37,"column":0},"end":{"line":39,"column":2}}},"fnMap":{"0":{"name":"(anonymous_0)","decl":{"start":{"line":9,"column":21},"end":{"line":9,"column":22}},"loc":{"start":{"line":9,"column":27},"end":{"line":12,"column":3}},"line":9},"1":{"name":"(anonymous_1)","decl":{"start":{"line":14,"column":2},"end":{"line":14,"column":3}},"loc":{"start":{"line":14,"column":11},"end":{"line":34,"column":3}},"line":14}},"branchMap":{},"s":{"0":0,"1":0,"2":1,"3":1},"f":{"0":0,"1":1},"b":{},"_coverageSchema":"43e27e138ebf9cfc5966b082cf9a028302ed4184","hash":"834b2e92827c11d2c4ec5143d89c7d33dad8e3a1"}
,"/Users/Gurrehmat_Oberoi/react-native-first-app/IdeaShare/src/components/Home/Home.component.style.js": {"path":"/Users/Gurrehmat_Oberoi/react-native-first-app/IdeaShare/src/components/Home/Home.component.style.js","statementMap":{"0":{"start":{"line":3,"column":15},"end":{"line":36,"column":2}}},"fnMap":{},"branchMap":{},"s":{"0":1},"f":{},"b":{},"_coverageSchema":"43e27e138ebf9cfc5966b082cf9a028302ed4184","hash":"c7ef6899554f96c8b4e563bc7bb49fa8d9b042ef"}
}
