TN:
SF:/Users/Gurrehmat_Oberoi/react-native-first-app/IdeaShare/src/components/CreateIdea/CreateIdea.component.js
FN:22,(anonymous_0)
FN:24,(anonymous_1)
FN:26,(anonymous_2)
FN:28,(anonymous_3)
FN:39,(anonymous_4)
FN:42,(anonymous_5)
FNF:6
FNH:5
FNDA:2,(anonymous_0)
FNDA:2,(anonymous_1)
FNDA:2,(anonymous_2)
FNDA:1,(anonymous_3)
FNDA:11,(anonymous_4)
FNDA:0,(anonymous_5)
DA:22,2
DA:24,2
DA:26,2
DA:29,1
DA:30,1
DA:31,0
DA:36,0
DA:40,11
DA:41,11
DA:42,0
DA:60,1
LF:11
LH:8
BRF:0
BRH:0
end_of_record
TN:
SF:/Users/Gurrehmat_Oberoi/react-native-first-app/IdeaShare/src/components/CreateIdea/CreateIdea.component.style.js
FNF:0
FNH:0
DA:3,1
LF:1
LH:1
BRF:0
BRH:0
end_of_record
TN:
SF:/Users/Gurrehmat_Oberoi/react-native-first-app/IdeaShare/src/components/Home/Home.component.js
FN:9,(anonymous_0)
FN:14,(anonymous_1)
FN:19,(anonymous_2)
FNF:3
FNH:1
FNDA:0,(anonymous_0)
FNDA:0,(anonymous_1)
FNDA:1,(anonymous_2)
DA:10,0
DA:11,0
DA:15,0
DA:16,0
DA:20,1
DA:43,1
LF:6
LH:2
BRF:0
BRH:0
end_of_record
TN:
SF:/Users/Gurrehmat_Oberoi/react-native-first-app/IdeaShare/src/components/Home/Home.component.style.js
FNF:0
FNH:0
DA:3,1
LF:1
LH:1
BRF:0
BRH:0
end_of_record
