TN:
SF:/Users/Gurrehmat_Oberoi/react-native-first-app/IdeaShare/src/components/App/App.js
FN:15,(anonymous_0)
FNF:1
FNH:1
FNDA:1,(anonymous_0)
DA:16,1
LF:1
LH:1
BRF:0
BRH:0
end_of_record
TN:
SF:/Users/Gurrehmat_Oberoi/react-native-first-app/IdeaShare/src/components/Home/Home.component.js
FN:8,(anonymous_0)
FNF:1
FNH:1
FNDA:2,(anonymous_0)
DA:9,2
LF:1
LH:1
BRF:0
BRH:0
end_of_record
TN:
SF:/Users/Gurrehmat_Oberoi/react-native-first-app/IdeaShare/src/components/Home/Home.component.style.js
FNF:0
FNH:0
DA:3,2
LF:1
LH:1
BRF:0
BRH:0
end_of_record
